/sciclone/home/tdfelton/baseball
ku10.sciclone.wm.edu
Thu Jul 31 12:59:12 PM EDT 2025
2.3.1
This is a large query, it may take a moment to complete
Skipping offseason dates
Learning rate set to 0.041123
0:	learn: 0.6573070	test: 0.6075269	best: 0.6075269 (0)	total: 64.9ms	remaining: 1m 4s
100:	learn: 0.8872917	test: 0.9007634	best: 0.9035533 (97)	total: 1.74s	remaining: 15.4s
200:	learn: 0.9265176	test: 0.9140049	best: 0.9140049 (200)	total: 3.39s	remaining: 13.5s
Stopped by overfitting detector  (50 iterations wait)

bestTest = 0.9245982695
bestIteration = 232

Shrink model to first 233 iterations.
[[473  57]
 [  2 187]]
              precision    recall  f1-score   support

           0      0.996     0.892     0.941       530
           1      0.766     0.989     0.864       189

    accuracy                          0.918       719
   macro avg      0.881     0.941     0.903       719
weighted avg      0.935     0.918     0.921       719

Learning rate set to 0.009127
0:	learn: 0.6975300	total: 19.4ms	remaining: 19.4s
100:	learn: 0.7753086	total: 1.66s	remaining: 14.8s
200:	learn: 0.8057717	total: 3.31s	remaining: 13.2s
300:	learn: 0.8338113	total: 4.98s	remaining: 11.6s
400:	learn: 0.8660154	total: 6.62s	remaining: 9.89s
500:	learn: 0.8831095	total: 8.26s	remaining: 8.23s
600:	learn: 0.9074180	total: 9.9s	remaining: 6.57s
700:	learn: 0.9184248	total: 11.6s	remaining: 4.94s
800:	learn: 0.9445199	total: 13.3s	remaining: 3.29s
900:	learn: 0.9552458	total: 14.9s	remaining: 1.64s
999:	learn: 0.9680181	total: 16.6s	remaining: 0us
[[77 41]
 [30 41]]
              precision    recall  f1-score   support

           0      0.720     0.653     0.684       118
           1      0.500     0.577     0.536        71

    accuracy                          0.624       189
   macro avg      0.610     0.615     0.610       189
weighted avg      0.637     0.624     0.629       189

Learning rate set to 0.009127
0:	learn: 0.7062030	total: 15.4ms	remaining: 15.4s
100:	learn: 0.7538295	total: 1.29s	remaining: 11.4s
200:	learn: 0.7909320	total: 2.59s	remaining: 10.3s
300:	learn: 0.8200372	total: 3.9s	remaining: 9.06s
400:	learn: 0.8555673	total: 5.19s	remaining: 7.75s
500:	learn: 0.8692773	total: 6.49s	remaining: 6.46s
600:	learn: 0.8877318	total: 7.79s	remaining: 5.17s
700:	learn: 0.9120275	total: 9.11s	remaining: 3.88s
800:	learn: 0.9319365	total: 10.4s	remaining: 2.59s
900:	learn: 0.9406328	total: 11.8s	remaining: 1.3s
999:	learn: 0.9581333	total: 13.2s	remaining: 0us
Threshold used: 0.52
[[75 43]
 [38 33]]
              precision    recall  f1-score   support

           0      0.664     0.636     0.649       118
           1      0.434     0.465     0.449        71

    accuracy                          0.571       189
   macro avg      0.549     0.550     0.549       189
weighted avg      0.578     0.571     0.574       189

AUC: 0.622
Mean F1 across folds: 0.5584958606753669
